Unity Editor version:    2022.3.21f1 (bf09ca542b87)
Branch:                  2022.3/staging
Build type:              Release
Batch mode:              YES
macOS version:           Version 13.4 (Build 22F66)
Darwin version:          22.5.0
Architecture:            arm64
Running under Rosetta:   NO
Available memory:        8192 MB
Using pre-set license
Pro License: YES

COMMAND LINE ARGUMENTS:
/Applications/Unity/Hub/Editor/2022.3.21f1/Unity.app/Contents/MacOS/Unity
-adb2
-batchMode
-noUpm
-name
AssetImportWorker0
-projectPath
/Users/anavizitiv/Documents/GitHub/BloomMare/BloomMare
-logFile
Logs/AssetImportWorker0.log
-srvPort
56512
Successfully changed project path to: /Users/anavizitiv/Documents/GitHub/BloomMare/BloomMare
/Users/anavizitiv/Documents/GitHub/BloomMare/BloomMare
[UnityMemory] Configuration Parameters - Can be set up in boot.config
    "memorysetup-bucket-allocator-granularity=16"
    "memorysetup-bucket-allocator-bucket-count=8"
    "memorysetup-bucket-allocator-block-size=33554432"
    "memorysetup-bucket-allocator-block-count=8"
    "memorysetup-main-allocator-block-size=16777216"
    "memorysetup-thread-allocator-block-size=16777216"
    "memorysetup-gfx-main-allocator-block-size=16777216"
    "memorysetup-gfx-thread-allocator-block-size=16777216"
    "memorysetup-cache-allocator-block-size=4194304"
    "memorysetup-typetree-allocator-block-size=2097152"
    "memorysetup-profiler-bucket-allocator-granularity=16"
    "memorysetup-profiler-bucket-allocator-bucket-count=8"
    "memorysetup-profiler-bucket-allocator-block-size=33554432"
    "memorysetup-profiler-bucket-allocator-block-count=8"
    "memorysetup-profiler-allocator-block-size=16777216"
    "memorysetup-profiler-editor-allocator-block-size=1048576"
    "memorysetup-temp-allocator-size-main=16777216"
    "memorysetup-job-temp-allocator-block-size=2097152"
    "memorysetup-job-temp-allocator-block-size-background=1048576"
    "memorysetup-job-temp-allocator-reduction-small-platforms=262144"
    "memorysetup-allocator-temp-initial-block-size-main=262144"
    "memorysetup-allocator-temp-initial-block-size-worker=262144"
    "memorysetup-temp-allocator-size-background-worker=32768"
    "memorysetup-temp-allocator-size-job-worker=262144"
    "memorysetup-temp-allocator-size-preload-manager=33554432"
    "memorysetup-temp-allocator-size-nav-mesh-worker=65536"
    "memorysetup-temp-allocator-size-audio-worker=65536"
    "memorysetup-temp-allocator-size-cloud-worker=32768"
    "memorysetup-temp-allocator-size-gi-baking-worker=262144"
    "memorysetup-temp-allocator-size-gfx=262144"
Player connection [8546016768] Host "[IP] 10.207.93.132 [Port] 0 [Flags] 2 [Guid] 2138273960 [EditorId] 2138273960 [Version] 1048832 [Id] OSXEditor(0,Anas-MacBook-Air-5.local) [Debug] 1 [PackageName] OSXEditor [ProjectName] Editor" joined multi-casting on [225.0.0.222:54997]...

Player connection [8546016768] Host "[IP] 10.207.93.132 [Port] 0 [Flags] 2 [Guid] 2138273960 [EditorId] 2138273960 [Version] 1048832 [Id] OSXEditor(0,Anas-MacBook-Air-5.local) [Debug] 1 [PackageName] OSXEditor [ProjectName] Editor" joined alternative multi-casting on [225.0.0.222:34997]...

[Physics::Module] Initialized MultithreadedJobDispatcher with 7 workers.
Refreshing native plugins compatible for Editor in 38.22 ms, found 7 plugins.
Preloading 4 native plugins for Editor in 71.07 ms.
Initialize engine version: 2022.3.21f1 (bf09ca542b87)
[Subsystems] Discovering subsystems at path /Applications/Unity/Hub/Editor/2022.3.21f1/Unity.app/Contents/Resources/UnitySubsystems
[Subsystems] Discovering subsystems at path /Users/anavizitiv/Documents/GitHub/BloomMare/BloomMare/Assets
GfxDevice: creating device client; threaded=0; jobified=0
 preferred device: Apple M1 (high power)
Metal devices available: 1
0: Apple M1 (high power)
Using device Apple M1 (high power)
Initializing Metal device caps: Apple M1
Initialize mono
Mono path[0] = '/Applications/Unity/Hub/Editor/2022.3.21f1/Unity.app/Contents/Managed'
Mono path[1] = '/Applications/Unity/Hub/Editor/2022.3.21f1/Unity.app/Contents/MonoBleedingEdge/lib/mono/unityjit-macos'
Mono config path = '/Applications/Unity/Hub/Editor/2022.3.21f1/Unity.app/Contents/MonoBleedingEdge/etc'
Using monoOptions --debugger-agent=transport=dt_socket,embedding=1,server=y,suspend=n,address=127.0.0.1:56724
Begin MonoManager ReloadAssembly
Registering precompiled unity dll's ...
Register platform support module: /Applications/Unity/Hub/Editor/2022.3.21f1/PlaybackEngines/WebGLSupport/UnityEditor.WebGL.Extensions.dll
Register platform support module: /Applications/Unity/Hub/Editor/2022.3.21f1/Unity.app/Contents/PlaybackEngines/MacStandaloneSupport/UnityEditor.OSXStandalone.Extensions.dll
Register platform support module: /Applications/Unity/Hub/Editor/2022.3.21f1/PlaybackEngines/AndroidPlayer/UnityEditor.Android.Extensions.dll
Register platform support module: /Applications/Unity/Hub/Editor/2022.3.21f1/PlaybackEngines/iOSSupport/UnityEditor.iOS.Extensions.dll
Register platform support module: /Applications/Unity/Hub/Editor/2022.3.21f1/PlaybackEngines/VisionOSPlayer/UnityEditor.VisionOS.Extensions.dll
Register platform support module: /Applications/Unity/Hub/Editor/2022.3.21f1/PlaybackEngines/AppleTVSupport/UnityEditor.AppleTV.Extensions.dll
Register platform support module: /Applications/Unity/Hub/Editor/2022.3.21f1/PlaybackEngines/WindowsStandaloneSupport/UnityEditor.WindowsStandalone.Extensions.dll
Register platform support module: /Applications/Unity/Hub/Editor/2022.3.21f1/PlaybackEngines/LinuxStandaloneSupport/UnityEditor.LinuxStandalone.Extensions.dll
Registered in 0.003077 seconds.
- Loaded All Assemblies, in  0.328 seconds
Native extension for LinuxStandalone target not found
Native extension for WindowsStandalone target not found
[usbmuxd] Start listen thread
[usbmuxd] Listen thread started
[usbmuxd] Send listen message
Native extension for AppleTV target not found
objc[42724]: Class XcodeScriptingDelegate is implemented in both /Applications/Unity/Hub/Editor/2022.3.21f1/PlaybackEngines/AppleTVSupport/arm64/UnityEditor.iOS.Native.dylib (0x291cec5d8) and /Applications/Unity/Hub/Editor/2022.3.21f1/PlaybackEngines/VisionOSPlayer/arm64/UnityEditor.VisionOS.Native.dylib (0x29415c5d8). One of the two will be used. Which one is undefined.
[usbmuxd] Start listen thread
[usbmuxd] Listen thread started
[usbmuxd] Send listen message
Native extension for VisionOS target not found
Native extension for iOS target not found
2024-04-16 11:34:54.009 Unity[42724:17288067] [XcodeApplications] Failed to read NSDictionary from path /Contents/Info.plist
Native extension for Android target not found
Android Extension - Scanning For ADB Devices 206 ms
Native extension for OSXStandalone target not found
Native extension for WebGL target not found
Mono: successfully reloaded assembly
- Finished resetting the current domain, in  0.571 seconds
Domain Reload Profiling: 898ms
	BeginReloadAssembly (93ms)
		ExecutionOrderSort (0ms)
		DisableScriptedObjects (0ms)
		BackupInstance (0ms)
		ReleaseScriptingObjects (0ms)
		CreateAndSetChildDomain (1ms)
	RebuildCommonClasses (32ms)
	RebuildNativeTypeToScriptingClass (10ms)
	initialDomainReloadingComplete (47ms)
	LoadAllAssembliesAndSetupDomain (144ms)
		LoadAssemblies (95ms)
		RebuildTransferFunctionScriptingTraits (0ms)
		AnalyzeDomain (140ms)
			TypeCache.Refresh (139ms)
				TypeCache.ScanAssembly (125ms)
			ScanForSourceGeneratedMonoScriptInfo (0ms)
			ResolveRequiredComponents (0ms)
	FinalizeReload (571ms)
		ReleaseScriptCaches (0ms)
		RebuildScriptCaches (0ms)
		SetupLoadedEditorAssemblies (521ms)
			LogAssemblyErrors (0ms)
			InitializePlatformSupportModulesInManaged (417ms)
			SetLoadedEditorAssemblies (2ms)
			RefreshPlugins (0ms)
			BeforeProcessingInitializeOnLoad (1ms)
			ProcessInitializeOnLoadAttributes (71ms)
			ProcessInitializeOnLoadMethodAttributes (29ms)
			AfterProcessingInitializeOnLoad (0ms)
			EditorAssembliesLoaded (0ms)
		ExecutionOrderSort2 (0ms)
		AwakeInstancesAfterBackupRestoration (0ms)
========================================================================
Worker process is ready to serve import requests
Begin MonoManager ReloadAssembly
- Loaded All Assemblies, in  0.992 seconds
Refreshing native plugins compatible for Editor in 3.15 ms, found 7 plugins.
Native extension for LinuxStandalone target not found
Native extension for WindowsStandalone target not found
Native extension for AppleTV target not found
Native extension for VisionOS target not found
Native extension for iOS target not found
2024-04-16 11:34:58.414 Unity[42724:17288067] [XcodeApplications] Failed to read NSDictionary from path /Contents/Info.plist
Native extension for Android target not found
Native extension for OSXStandalone target not found
Native extension for WebGL target not found
Package Manager log level set to [2]
[Package Manager] Server::EnsureServerProcessIsRunning -- launch failed, reason: Unity was launched with the -noUpm command-line argument
[Package Manager] UpmClient::Send -- Unable to send message (not connected to UPM process).
[Package Manager] Cannot connect to Unity Package Manager local server
[Package Manager] Server::EnsureServerProcessIsRunning -- launch failed, reason: Unity was launched with the -noUpm command-line argument
[Package Manager] UpmClient::Send -- Unable to send message (not connected to UPM process).
[Package Manager] Cannot connect to Unity Package Manager local server
Mono: successfully reloaded assembly
[Package Manager] Server::EnsureServerProcessIsRunning -- launch failed, reason: Unity was launched with the -noUpm command-line argument
[Package Manager] UpmClient::Send -- Unable to send message (not connected to UPM process).
[Package Manager] Cannot connect to Unity Package Manager local server
[Package Manager] Server::EnsureServerProcessIsRunning -- launch failed, reason: Unity was launched with the -noUpm command-line argument
[Package Manager] UpmClient::Send -- Unable to send message (not connected to UPM process).
[Package Manager] Cannot connect to Unity Package Manager local server
- Finished resetting the current domain, in  0.796 seconds
Domain Reload Profiling: 1824ms
	BeginReloadAssembly (181ms)
		ExecutionOrderSort (0ms)
		DisableScriptedObjects (5ms)
		BackupInstance (0ms)
		ReleaseScriptingObjects (0ms)
		CreateAndSetChildDomain (50ms)
	RebuildCommonClasses (35ms)
	RebuildNativeTypeToScriptingClass (14ms)
	initialDomainReloadingComplete (39ms)
	LoadAllAssembliesAndSetupDomain (759ms)
		LoadAssemblies (454ms)
		RebuildTransferFunctionScriptingTraits (0ms)
		AnalyzeDomain (315ms)
			TypeCache.Refresh (273ms)
				TypeCache.ScanAssembly (230ms)
			ScanForSourceGeneratedMonoScriptInfo (22ms)
			ResolveRequiredComponents (19ms)
	FinalizeReload (796ms)
		ReleaseScriptCaches (0ms)
		RebuildScriptCaches (0ms)
		SetupLoadedEditorAssemblies (610ms)
			LogAssemblyErrors (0ms)
			InitializePlatformSupportModulesInManaged (84ms)
			SetLoadedEditorAssemblies (4ms)
			RefreshPlugins (0ms)
			BeforeProcessingInitializeOnLoad (65ms)
			ProcessInitializeOnLoadAttributes (410ms)
			ProcessInitializeOnLoadMethodAttributes (46ms)
			AfterProcessingInitializeOnLoad (1ms)
			EditorAssembliesLoaded (0ms)
		ExecutionOrderSort2 (0ms)
		AwakeInstancesAfterBackupRestoration (2ms)
Launching external process: /Applications/Unity/Hub/Editor/2022.3.21f1/Unity.app/Contents/Tools/UnityShaderCompiler
Launched and connected shader compiler UnityShaderCompiler after 0.35 seconds
Refreshing native plugins compatible for Editor in 3.40 ms, found 7 plugins.
Preloading 4 native plugins for Editor in 9.33 ms.
Unloading 6879 Unused Serialized files (Serialized files now loaded: 0)
Unloading 206 unused Assets / (8.3 MB). Loaded Objects now: 7549.
Memory consumption went from 283.5 MB to 275.1 MB.
Total: 44.927209 ms (FindLiveObjects: 1.377708 ms CreateObjectMapping: 0.282250 ms MarkObjects: 28.459542 ms  DeleteObjects: 14.806875 ms)

AssetImportParameters requested are different than current active one (requested -> active):
  custom:container-demuxer-ogg: 62fdf1f143b41e24485cea50d1cbac27 -> 
  custom:container-muxer-webm: aa71ff27fc2769a1b78a27578f13a17b -> 
  custom:video-decoder-webm-vp8: 9c59270c3fd7afecdb556c50c9e8de78 -> 
  custom:SearchIndexIgnoredProperties: e643bd26f0fe6173181afceb89e7c659 -> 
  custom:AudioImporter_EditorPlatform: 3918e3fc78b5a79bad01e8451be0beb8 -> 
  custom:audio-decoder-ogg-vorbis: bf7c407c2cedff20999df2af8eb42d56 -> 
  custom:audio-encoder-webm-vorbis: bf7c407c2cedff20999df2af8eb42d56 -> 
  custom:video-decoder-ogg-theora: a1e56fd34408186e4bbccfd4996cb3dc -> 
  custom:CustomObjectIndexerAttribute: 72b91833f83ae208fae7752999fa3104 -> 
  custom:container-demuxer-webm: 4f35f7cbe854078d1ac9338744f61a02 -> 
  custom:framework-osx-AVFoundation: e770b220cccbd017edd2c1fefb359320 -> 
  custom:video-encoder-webm-vp8: eb34c28f22e8b96e1ab97ce403110664 -> 
========================================================================
Received Import Request.
  Time since last request: 1239270.271557 seconds.
  path: Assets/Scenes/App Designs/Scenes/Geography/ScaneazaBalena.unity
  artifactKey: Guid(11a98189199444b38a5dd1bf1281f4eb) Importer(815301076,1909f56bfc062723c751e8b465ee728b)
Start importing Assets/Scenes/App Designs/Scenes/Geography/ScaneazaBalena.unity using Guid(11a98189199444b38a5dd1bf1281f4eb) Importer(815301076,1909f56bfc062723c751e8b465ee728b)  -> (artifact id: '056c7833ffa50eee2e3c4c56618c9d10') in 0.017241 seconds
Number of updated asset objects reloaded before import = 0
Number of asset objects unloaded after import = 0
========================================================================
Received Import Request.
  Time since last request: 0.000054 seconds.
  path: Assets/Scenes/App Designs/Scenes/Geography/ScaneazaAntarctida.unity
  artifactKey: Guid(e1fcb4015c3d04889bc462c5342745fd) Importer(815301076,1909f56bfc062723c751e8b465ee728b)
Start importing Assets/Scenes/App Designs/Scenes/Geography/ScaneazaAntarctida.unity using Guid(e1fcb4015c3d04889bc462c5342745fd) Importer(815301076,1909f56bfc062723c751e8b465ee728b)  -> (artifact id: 'f13ab659ace2c2d560d621cc2249fccb') in 0.000283 seconds
Number of updated asset objects reloaded before import = 0
Number of asset objects unloaded after import = 0
========================================================================
Received Import Request.
  Time since last request: 0.727007 seconds.
  path: Assets/Scenes/App Designs/Scenes/Geography/ScaneazaOrca.unity
  artifactKey: Guid(f2433a18828b343b7905ae37469babb2) Importer(815301076,1909f56bfc062723c751e8b465ee728b)
Start importing Assets/Scenes/App Designs/Scenes/Geography/ScaneazaOrca.unity using Guid(f2433a18828b343b7905ae37469babb2) Importer(815301076,1909f56bfc062723c751e8b465ee728b)  -> (artifact id: '62bafb40a814920172a7c467de8b7786') in 0.000567 seconds
Number of updated asset objects reloaded before import = 0
Number of asset objects unloaded after import = 0
========================================================================
Received Import Request.
  Time since last request: 2.804493 seconds.
  path: Assets/Scenes/App Designs/Scenes/Geography/Geography.unity
  artifactKey: Guid(8c0910f57b70e49ee8535e7cef3afc50) Importer(815301076,1909f56bfc062723c751e8b465ee728b)
Start importing Assets/Scenes/App Designs/Scenes/Geography/Geography.unity using Guid(8c0910f57b70e49ee8535e7cef3afc50) Importer(815301076,1909f56bfc062723c751e8b465ee728b)  -> (artifact id: '2703bb60be78926fb8a8149a772d0aa9') in 0.001158 seconds
Number of updated asset objects reloaded before import = 0
Number of asset objects unloaded after import = 0
========================================================================
Received Import Request.
  Time since last request: 11.874868 seconds.
  path: Assets/Scenes/App Designs/Scenes/Geography/ScaneazaPenguin.unity
  artifactKey: Guid(40b24ea4e889549e4aa4cce70e948c21) Importer(815301076,1909f56bfc062723c751e8b465ee728b)
Start importing Assets/Scenes/App Designs/Scenes/Geography/ScaneazaPenguin.unity using Guid(40b24ea4e889549e4aa4cce70e948c21) Importer(815301076,1909f56bfc062723c751e8b465ee728b)  -> (artifact id: '10bbc23a73733721efd11eb6a48f4738') in 0.001044 seconds
Number of updated asset objects reloaded before import = 0
Number of asset objects unloaded after import = 0
========================================================================
Received Import Request.
  Time since last request: 9.474008 seconds.
  path: Assets/Scenes/App Designs/Scenes/Geography/ScaneazaUrsPolar.unity
  artifactKey: Guid(7a28f8252bc4c4c18a505827bd5b5fa2) Importer(815301076,1909f56bfc062723c751e8b465ee728b)
Start importing Assets/Scenes/App Designs/Scenes/Geography/ScaneazaUrsPolar.unity using Guid(7a28f8252bc4c4c18a505827bd5b5fa2) Importer(815301076,1909f56bfc062723c751e8b465ee728b)  -> (artifact id: '225fca3f263f0123a009fe16d0373555') in 0.000467 seconds
Number of updated asset objects reloaded before import = 0
Number of asset objects unloaded after import = 0
========================================================================
Received Import Request.
  Time since last request: 0.690606 seconds.
  path: Assets/Scenes/App Designs/Scenes/Geography/ScaneazaVulpePolara.unity
  artifactKey: Guid(0f027b60b92fe4eceaf7fbb98422354a) Importer(815301076,1909f56bfc062723c751e8b465ee728b)
Start importing Assets/Scenes/App Designs/Scenes/Geography/ScaneazaVulpePolara.unity using Guid(0f027b60b92fe4eceaf7fbb98422354a) Importer(815301076,1909f56bfc062723c751e8b465ee728b)  -> (artifact id: '8d63b6fc0aa0ac0b03b89205b052eb4c') in 0.001051 seconds
Number of updated asset objects reloaded before import = 0
Number of asset objects unloaded after import = 0
========================================================================
Received Import Request.
  Time since last request: 28.966850 seconds.
  path: Assets/Scenes/App Designs/Scenes/History/ScaneazaApeductRoman.unity
  artifactKey: Guid(b7e4daa9ddfa340008b1c0ef945d9d4e) Importer(815301076,1909f56bfc062723c751e8b465ee728b)
Start importing Assets/Scenes/App Designs/Scenes/History/ScaneazaApeductRoman.unity using Guid(b7e4daa9ddfa340008b1c0ef945d9d4e) Importer(815301076,1909f56bfc062723c751e8b465ee728b)  -> (artifact id: 'dc795ec68ba1db03f872c54d994257a7') in 0.005608 seconds
Number of updated asset objects reloaded before import = 0
Number of asset objects unloaded after import = 0
========================================================================
Received Import Request.
  Time since last request: 3.489035 seconds.
  path: Assets/Scenes/App Designs/Scenes/Matematica/ScaneazaCilindru.unity
  artifactKey: Guid(5e88dad562bcf42e4a80719e3aae8b6b) Importer(815301076,1909f56bfc062723c751e8b465ee728b)
Start importing Assets/Scenes/App Designs/Scenes/Matematica/ScaneazaCilindru.unity using Guid(5e88dad562bcf42e4a80719e3aae8b6b) Importer(815301076,1909f56bfc062723c751e8b465ee728b)  -> (artifact id: '06bf4c9d1620828e72d3a4365cba65fa') in 0.000997 seconds
Number of updated asset objects reloaded before import = 0
Number of asset objects unloaded after import = 0
========================================================================
Received Prepare
Begin MonoManager ReloadAssembly
Thread 0x2be4c7000 may have been prematurely finalized
- Loaded All Assemblies, in  0.769 seconds
Refreshing native plugins compatible for Editor in 2.98 ms, found 7 plugins.
Native extension for LinuxStandalone target not found
Native extension for WindowsStandalone target not found
Native extension for AppleTV target not found
Native extension for VisionOS target not found
Native extension for iOS target not found
2024-04-16 12:36:00.641 Unity[42724:17288067] [XcodeApplications] Failed to read NSDictionary from path /Contents/Info.plist
Native extension for Android target not found
Native extension for OSXStandalone target not found
Native extension for WebGL target not found
[Package Manager] Server::EnsureServerProcessIsRunning -- launch failed, reason: Unity was launched with the -noUpm command-line argument
[Package Manager] UpmClient::Send -- Unable to send message (not connected to UPM process).
[Package Manager] Cannot connect to Unity Package Manager local server
[Package Manager] Server::EnsureServerProcessIsRunning -- launch failed, reason: Unity was launched with the -noUpm command-line argument
[Package Manager] UpmClient::Send -- Unable to send message (not connected to UPM process).
[Package Manager] Cannot connect to Unity Package Manager local server
Mono: successfully reloaded assembly
[Package Manager] Server::EnsureServerProcessIsRunning -- launch failed, reason: Unity was launched with the -noUpm command-line argument
[Package Manager] UpmClient::Send -- Unable to send message (not connected to UPM process).
[Package Manager] Cannot connect to Unity Package Manager local server
- Finished resetting the current domain, in  2.056 seconds
Domain Reload Profiling: 2826ms
	BeginReloadAssembly (297ms)
		ExecutionOrderSort (0ms)
		DisableScriptedObjects (8ms)
		BackupInstance (0ms)
		ReleaseScriptingObjects (0ms)
		CreateAndSetChildDomain (143ms)
	RebuildCommonClasses (30ms)
	RebuildNativeTypeToScriptingClass (11ms)
	initialDomainReloadingComplete (24ms)
	LoadAllAssembliesAndSetupDomain (407ms)
		LoadAssemblies (443ms)
		RebuildTransferFunctionScriptingTraits (0ms)
		AnalyzeDomain (32ms)
			TypeCache.Refresh (16ms)
				TypeCache.ScanAssembly (0ms)
			ScanForSourceGeneratedMonoScriptInfo (0ms)
			ResolveRequiredComponents (15ms)
	FinalizeReload (2057ms)
		ReleaseScriptCaches (0ms)
		RebuildScriptCaches (0ms)
		SetupLoadedEditorAssemblies (676ms)
			LogAssemblyErrors (0ms)
			InitializePlatformSupportModulesInManaged (161ms)
			SetLoadedEditorAssemblies (4ms)
			RefreshPlugins (0ms)
			BeforeProcessingInitializeOnLoad (63ms)
			ProcessInitializeOnLoadAttributes (379ms)
			ProcessInitializeOnLoadMethodAttributes (64ms)
			AfterProcessingInitializeOnLoad (1ms)
			EditorAssembliesLoaded (4ms)
		ExecutionOrderSort2 (1ms)
		AwakeInstancesAfterBackupRestoration (10ms)
Refreshing native plugins compatible for Editor in 3.59 ms, found 7 plugins.
Preloading 4 native plugins for Editor in 5.47 ms.
Unloading 6744 Unused Serialized files (Serialized files now loaded: 0)
Unloading 165 unused Assets / (8.4 MB). Loaded Objects now: 7554.
Memory consumption went from 272.8 MB to 264.4 MB.
Total: 10.806417 ms (FindLiveObjects: 0.358459 ms CreateObjectMapping: 0.108375 ms MarkObjects: 6.923750 ms  DeleteObjects: 3.413792 ms)

Prepare: number of updated asset objects reloaded= 0
AssetImportParameters requested are different than current active one (requested -> active):
  custom:container-demuxer-ogg: 62fdf1f143b41e24485cea50d1cbac27 -> 
  custom:container-muxer-webm: aa71ff27fc2769a1b78a27578f13a17b -> 
  custom:video-decoder-webm-vp8: 9c59270c3fd7afecdb556c50c9e8de78 -> 
  custom:SearchIndexIgnoredProperties: e643bd26f0fe6173181afceb89e7c659 -> 
  custom:AudioImporter_EditorPlatform: 3918e3fc78b5a79bad01e8451be0beb8 -> 
  custom:audio-decoder-ogg-vorbis: bf7c407c2cedff20999df2af8eb42d56 -> 
  custom:audio-encoder-webm-vorbis: bf7c407c2cedff20999df2af8eb42d56 -> 
  custom:video-decoder-ogg-theora: a1e56fd34408186e4bbccfd4996cb3dc -> 
  custom:CustomObjectIndexerAttribute: 72b91833f83ae208fae7752999fa3104 -> 
  custom:container-demuxer-webm: 4f35f7cbe854078d1ac9338744f61a02 -> 
  custom:framework-osx-AVFoundation: e770b220cccbd017edd2c1fefb359320 -> 
  custom:video-encoder-webm-vp8: eb34c28f22e8b96e1ab97ce403110664 -> 
========================================================================
Received Import Request.
  Time since last request: 6198.778171 seconds.
  path: Assets/Scenes/App Designs/UI_Design/Fundaluri/wetransfer_maths-004-png_2024-04-15_2033/Cone.png
  artifactKey: Guid(c8ec8ec6e49ba434eab59be39e124774) Importer(815301076,1909f56bfc062723c751e8b465ee728b)
Start importing Assets/Scenes/App Designs/UI_Design/Fundaluri/wetransfer_maths-004-png_2024-04-15_2033/Cone.png using Guid(c8ec8ec6e49ba434eab59be39e124774) Importer(815301076,1909f56bfc062723c751e8b465ee728b)  -> (artifact id: '559dd3d081a1fbb63fc3d5235f2115d4') in 1.334476 seconds
Number of updated asset objects reloaded before import = 0
Number of asset objects unloaded after import = 2
========================================================================
Received Import Request.
  Time since last request: 7.363458 seconds.
  path: Assets/Scenes/App Designs/UI_Design/Fundaluri/wetransfer_maths-004-png_2024-04-15_2033/Cone.png
  artifactKey: Guid(c8ec8ec6e49ba434eab59be39e124774) Importer(815301076,1909f56bfc062723c751e8b465ee728b)
Start importing Assets/Scenes/App Designs/UI_Design/Fundaluri/wetransfer_maths-004-png_2024-04-15_2033/Cone.png using Guid(c8ec8ec6e49ba434eab59be39e124774) Importer(815301076,1909f56bfc062723c751e8b465ee728b)  -> (artifact id: 'ea306e3a4468b7f93466b462df9c8f07') in 0.113017 seconds
Number of updated asset objects reloaded before import = 0
Number of asset objects unloaded after import = 3
========================================================================
Received Import Request.
  Time since last request: 71.640971 seconds.
  path: Assets/Scenes/App Designs/UI_Design/Fundaluri/wetransfer_maths-004-png_2024-04-15_2033/Cube.png
  artifactKey: Guid(1b8e9443f6d48455abea4927f760c972) Importer(815301076,1909f56bfc062723c751e8b465ee728b)
Start importing Assets/Scenes/App Designs/UI_Design/Fundaluri/wetransfer_maths-004-png_2024-04-15_2033/Cube.png using Guid(1b8e9443f6d48455abea4927f760c972) Importer(815301076,1909f56bfc062723c751e8b465ee728b)  -> (artifact id: '1575e49e007a5c5cc46e0648c0878baf') in 0.089971 seconds
Number of updated asset objects reloaded before import = 0
Number of asset objects unloaded after import = 2
========================================================================
Received Import Request.
  Time since last request: 5.132863 seconds.
  path: Assets/Scenes/App Designs/UI_Design/Fundaluri/wetransfer_maths-004-png_2024-04-15_2033/Cube.png
  artifactKey: Guid(1b8e9443f6d48455abea4927f760c972) Importer(815301076,1909f56bfc062723c751e8b465ee728b)
Start importing Assets/Scenes/App Designs/UI_Design/Fundaluri/wetransfer_maths-004-png_2024-04-15_2033/Cube.png using Guid(1b8e9443f6d48455abea4927f760c972) Importer(815301076,1909f56bfc062723c751e8b465ee728b)  -> (artifact id: 'b300c8dafa934af2cc4ea4b4e59e3824') in 0.066619 seconds
Number of updated asset objects reloaded before import = 0
Number of asset objects unloaded after import = 3
========================================================================
Received Import Request.
  Time since last request: 20.276545 seconds.
  path: Assets/Scenes/App Designs/UI_Design/Fundaluri/wetransfer_maths-004-png_2024-04-15_2033/Cylinder.png
  artifactKey: Guid(e8cd80cdf22e8487da44df01541d666a) Importer(815301076,1909f56bfc062723c751e8b465ee728b)
Start importing Assets/Scenes/App Designs/UI_Design/Fundaluri/wetransfer_maths-004-png_2024-04-15_2033/Cylinder.png using Guid(e8cd80cdf22e8487da44df01541d666a) Importer(815301076,1909f56bfc062723c751e8b465ee728b)  -> (artifact id: '5e77899c5bc4732c91a217733796ff8d') in 0.090839 seconds
Number of updated asset objects reloaded before import = 0
Number of asset objects unloaded after import = 3
========================================================================
Received Import Request.
  Time since last request: 26.645532 seconds.
  path: Assets/Scenes/App Designs/UI_Design/Fundaluri/wetransfer_maths-004-png_2024-04-15_2033/Tetrahedron.png
  artifactKey: Guid(55a03d5d3b0a342fdb41747ced958c62) Importer(815301076,1909f56bfc062723c751e8b465ee728b)
Start importing Assets/Scenes/App Designs/UI_Design/Fundaluri/wetransfer_maths-004-png_2024-04-15_2033/Tetrahedron.png using Guid(55a03d5d3b0a342fdb41747ced958c62) Importer(815301076,1909f56bfc062723c751e8b465ee728b)  -> (artifact id: '5e388ca6829e620487f455574ba0b268') in 0.051817 seconds
Number of updated asset objects reloaded before import = 0
Number of asset objects unloaded after import = 2
========================================================================
Received Import Request.
  Time since last request: 6.970488 seconds.
  path: Assets/Scenes/App Designs/UI_Design/Fundaluri/wetransfer_maths-004-png_2024-04-15_2033/Tetrahedron.png
  artifactKey: Guid(55a03d5d3b0a342fdb41747ced958c62) Importer(815301076,1909f56bfc062723c751e8b465ee728b)
Start importing Assets/Scenes/App Designs/UI_Design/Fundaluri/wetransfer_maths-004-png_2024-04-15_2033/Tetrahedron.png using Guid(55a03d5d3b0a342fdb41747ced958c62) Importer(815301076,1909f56bfc062723c751e8b465ee728b)  -> (artifact id: '6c5449e22df273b8014b6364784795ed') in 0.094941 seconds
Number of updated asset objects reloaded before import = 0
Number of asset objects unloaded after import = 3
========================================================================
Received Prepare
Begin MonoManager ReloadAssembly
Thread 0x29aaff000 may have been prematurely finalized
- Loaded All Assemblies, in  2.582 seconds
Refreshing native plugins compatible for Editor in 118.05 ms, found 7 plugins.
Native extension for LinuxStandalone target not found
Native extension for WindowsStandalone target not found
Native extension for AppleTV target not found
Native extension for VisionOS target not found
Native extension for iOS target not found
2024-04-16 13:22:31.013 Unity[42724:17288067] [XcodeApplications] Failed to read NSDictionary from path /Contents/Info.plist
Native extension for Android target not found
Native extension for OSXStandalone target not found
Native extension for WebGL target not found
[Package Manager] Server::EnsureServerProcessIsRunning -- launch failed, reason: Unity was launched with the -noUpm command-line argument
[Package Manager] UpmClient::Send -- Unable to send message (not connected to UPM process).
[Package Manager] Cannot connect to Unity Package Manager local server
[Package Manager] Server::EnsureServerProcessIsRunning -- launch failed, reason: Unity was launched with the -noUpm command-line argument
[Package Manager] UpmClient::Send -- Unable to send message (not connected to UPM process).
[Package Manager] Cannot connect to Unity Package Manager local server
Mono: successfully reloaded assembly
[Package Manager] Server::EnsureServerProcessIsRunning -- launch failed, reason: Unity was launched with the -noUpm command-line argument
[Package Manager] UpmClient::Send -- Unable to send message (not connected to UPM process).
[Package Manager] Cannot connect to Unity Package Manager local server
- Finished resetting the current domain, in  2.203 seconds
Domain Reload Profiling: 4802ms
	BeginReloadAssembly (489ms)
		ExecutionOrderSort (0ms)
		DisableScriptedObjects (8ms)
		BackupInstance (0ms)
		ReleaseScriptingObjects (0ms)
		CreateAndSetChildDomain (282ms)
	RebuildCommonClasses (42ms)
	RebuildNativeTypeToScriptingClass (10ms)
	initialDomainReloadingComplete (45ms)
	LoadAllAssembliesAndSetupDomain (2011ms)
		LoadAssemblies (1974ms)
		RebuildTransferFunctionScriptingTraits (0ms)
		AnalyzeDomain (148ms)
			TypeCache.Refresh (52ms)
				TypeCache.ScanAssembly (0ms)
			ScanForSourceGeneratedMonoScriptInfo (7ms)
			ResolveRequiredComponents (85ms)
	FinalizeReload (2204ms)
		ReleaseScriptCaches (0ms)
		RebuildScriptCaches (0ms)
		SetupLoadedEditorAssemblies (921ms)
			LogAssemblyErrors (0ms)
			InitializePlatformSupportModulesInManaged (184ms)
			SetLoadedEditorAssemblies (26ms)
			RefreshPlugins (0ms)
			BeforeProcessingInitializeOnLoad (126ms)
			ProcessInitializeOnLoadAttributes (526ms)
			ProcessInitializeOnLoadMethodAttributes (57ms)
			AfterProcessingInitializeOnLoad (1ms)
			EditorAssembliesLoaded (1ms)
		ExecutionOrderSort2 (0ms)
		AwakeInstancesAfterBackupRestoration (24ms)
Refreshing native plugins compatible for Editor in 4.43 ms, found 7 plugins.
Preloading 4 native plugins for Editor in 5.36 ms.
Unloading 6744 Unused Serialized files (Serialized files now loaded: 0)
Unloading 165 unused Assets / (8.3 MB). Loaded Objects now: 7565.
Memory consumption went from 284.5 MB to 276.1 MB.
Total: 30.445291 ms (FindLiveObjects: 1.205291 ms CreateObjectMapping: 0.212500 ms MarkObjects: 24.337917 ms  DeleteObjects: 4.685459 ms)

Prepare: number of updated asset objects reloaded= 0
AssetImportParameters requested are different than current active one (requested -> active):
  custom:container-demuxer-ogg: 62fdf1f143b41e24485cea50d1cbac27 -> 
  custom:container-muxer-webm: aa71ff27fc2769a1b78a27578f13a17b -> 
  custom:video-decoder-webm-vp8: 9c59270c3fd7afecdb556c50c9e8de78 -> 
  custom:SearchIndexIgnoredProperties: e643bd26f0fe6173181afceb89e7c659 -> 
  custom:AudioImporter_EditorPlatform: 3918e3fc78b5a79bad01e8451be0beb8 -> 
  custom:audio-decoder-ogg-vorbis: bf7c407c2cedff20999df2af8eb42d56 -> 
  custom:audio-encoder-webm-vorbis: bf7c407c2cedff20999df2af8eb42d56 -> 
  custom:video-decoder-ogg-theora: a1e56fd34408186e4bbccfd4996cb3dc -> 
  custom:CustomObjectIndexerAttribute: 72b91833f83ae208fae7752999fa3104 -> 
  custom:container-demuxer-webm: 4f35f7cbe854078d1ac9338744f61a02 -> 
  custom:framework-osx-AVFoundation: e770b220cccbd017edd2c1fefb359320 -> 
  custom:video-encoder-webm-vp8: eb34c28f22e8b96e1ab97ce403110664 -> 
========================================================================
Received Import Request.
  Time since last request: 431.920036 seconds.
  path: Assets/Scenes/App Designs/Scenes/Matematica/Maths.unity
  artifactKey: Guid(345dc07d1e597478fbbb75f3b10bb43f) Importer(815301076,1909f56bfc062723c751e8b465ee728b)
Start importing Assets/Scenes/App Designs/Scenes/Matematica/Maths.unity using Guid(345dc07d1e597478fbbb75f3b10bb43f) Importer(815301076,1909f56bfc062723c751e8b465ee728b)  -> (artifact id: '998599440e79aa960f722a7160b193d7') in 0.152830 seconds
Number of updated asset objects reloaded before import = 0
Number of asset objects unloaded after import = 0
